<?xml version="1.0" encoding="utf-8"?><testsuites name="pytest tests"><testsuite name="pytest" errors="0" failures="0" skipped="0" tests="11" time="3.398" timestamp="2026-08-02T08:11:56.680545+00:00" hostname="agent-env-25ebe520-312a-43b8-8e3d-ac6aa5aea98a"><testcase classname="tests.test_admin_editors.TestAdminAuthGuards" name="test_site_settings_get_requires_auth" time="0.191" /><testcase classname="tests.test_admin_editors.TestAdminAuthGuards" name="test_site_settings_put_requires_auth" time="0.263" /><testcase classname="tests.test_admin_editors.TestAdminAuthGuards" name="test_media_upload_requires_auth" time="0.138" /><testcase classname="tests.test_admin_editors.TestSiteSettingsEditor" name="test_get_returns_expected_shape" time="0.539" /><testcase classname="tests.test_admin_editors.TestSiteSettingsEditor" name="test_pricing_update_reflects_in_calculator_and_public" time="0.655" /><testcase classname="tests.test_admin_editors.TestAdminAuthGuards" name="test_projects_post_requires_auth" time="0.101" /><testcase classname="tests.test_admin_editors.TestMediaAndProject" name="test_media_upload_and_download" time="1.552" /><testcase classname="tests.test_admin_editors.TestSiteSettingsEditor" name="test_website_editor_hero_update_reflects_publicly" time="0.188" /><testcase classname="tests.test_admin_editors.TestSiteSettingsEditor" name="test_services_include_social_media_marketing" time="0.000" /><testcase classname="tests.test_admin_editors.TestMediaAndProject" name="test_media_upload_rejects_bad_type" time="0.042" /><testcase classname="tests.test_admin_editors.TestMediaAndProject" name="test_project_created_with_media_visible_publicly" time="0.598" /></testsuite></testsuites>