<?xml version="1.0" encoding="utf-8"?><testsuites name="pytest tests"><testsuite name="pytest" errors="0" failures="0" skipped="0" tests="19" time="3.263" timestamp="2026-08-02T07:49:02.851975+00:00" hostname="agent-env-25ebe520-312a-43b8-8e3d-ac6aa5aea98a"><testcase classname="tests.backend_test.TestAuth" name="test_login_wrong_password" time="0.391" /><testcase classname="tests.backend_test.TestPublic" name="test_root" time="0.388" /><testcase classname="tests.backend_test.TestPublic" name="test_site_content" time="0.045" /><testcase classname="tests.backend_test.TestAuth" name="test_me_requires_auth" time="0.104" /><testcase classname="tests.backend_test.TestPublic" name="test_calculator_returns_inr_estimate" time="0.042" /><testcase classname="tests.backend_test.TestPublic" name="test_calculator_accelerated_higher" time="0.124" /><testcase classname="tests.backend_test.TestAuth" name="test_admin_endpoints_require_auth" time="0.304" /><testcase classname="tests.backend_test.TestPublic" name="test_calculator_invalid_input" time="0.042" /><testcase classname="tests.backend_test.TestPublic" name="test_inquiry_creation" time="0.044" /><testcase classname="tests.backend_test.TestPublic" name="test_inquiry_validation" time="0.041" /><testcase classname="tests.backend_test.TestPublic" name="test_newsletter_subscribe" time="0.128" /><testcase classname="tests.backend_test.TestAuth" name="test_admin_login_and_me" time="0.573" /><testcase classname="tests.backend_test.TestAuth" name="test_bcrypt_hash_format" time="0.000" /><testcase classname="tests.backend_test.TestClientPortal" name="test_admin_creates_client_and_client_can_sign_in" time="0.816" /><testcase classname="tests.backend_test.TestAdmin" name="test_overview" time="0.782" /><testcase classname="tests.backend_test.TestAdmin" name="test_inquiries_list_reflects_new_inquiry" time="0.593" /><testcase classname="tests.backend_test.TestClientPortal" name="test_anonymous_client_projects_blocked" time="0.093" /><testcase classname="tests.backend_test.TestAdmin" name="test_publish_feed_blog_project" time="0.427" /><testcase classname="tests.backend_test.TestAdmin" name="test_project_input_validation" time="0.049" /></testsuite></testsuites>