<?xml version="1.0" encoding="utf-8"?><testsuites name="pytest tests"><testsuite name="pytest" errors="0" failures="0" skipped="0" tests="30" time="4.840" timestamp="2026-08-02T08:12:03.767647+00:00" hostname="agent-env-25ebe520-312a-43b8-8e3d-ac6aa5aea98a"><testcase classname="tests.backend_test.TestAuth" name="test_login_wrong_password" time="0.346" /><testcase classname="tests.backend_test.TestPublic" name="test_root" time="0.120" /><testcase classname="tests.backend_test.TestPublic" name="test_site_content" time="0.227" /><testcase classname="tests.backend_test.TestAuth" name="test_me_requires_auth" time="0.094" /><testcase classname="tests.backend_test.TestPublic" name="test_calculator_returns_inr_estimate" time="0.041" /><testcase classname="tests.backend_test.TestPublic" name="test_calculator_accelerated_higher" time="0.123" /><testcase classname="tests.backend_test.TestAuth" name="test_admin_endpoints_require_auth" time="0.231" /><testcase classname="tests.backend_test.TestPublic" name="test_calculator_invalid_input" time="0.081" /><testcase classname="tests.backend_test.TestPublic" name="test_inquiry_creation" time="0.042" /><testcase classname="tests.backend_test.TestPublic" name="test_inquiry_validation" time="0.051" /><testcase classname="tests.backend_test.TestPublic" name="test_newsletter_subscribe" time="0.300" /><testcase classname="tests.backend_test.TestAuth" name="test_admin_login_and_me" time="0.400" /><testcase classname="tests.backend_test.TestAuth" name="test_bcrypt_hash_format" time="0.000" /><testcase classname="tests.test_admin_editors.TestAdminAuthGuards" name="test_site_settings_get_requires_auth" time="0.234" /><testcase classname="tests.backend_test.TestAdmin" name="test_overview" time="0.363" /><testcase classname="tests.test_admin_editors.TestAdminAuthGuards" name="test_site_settings_put_requires_auth" time="0.099" /><testcase classname="tests.backend_test.TestAdmin" name="test_inquiries_list_reflects_new_inquiry" time="0.624" /><testcase classname="tests.test_admin_editors.TestAdminAuthGuards" name="test_media_upload_requires_auth" time="0.095" /><testcase classname="tests.test_admin_editors.TestAdminAuthGuards" name="test_projects_post_requires_auth" time="0.107" /><testcase classname="tests.test_admin_editors.TestSiteSettingsEditor" name="test_get_returns_expected_shape" time="0.360" /><testcase classname="tests.test_admin_editors.TestSiteSettingsEditor" name="test_pricing_update_reflects_in_calculator_and_public" time="0.673" /><testcase classname="tests.backend_test.TestAdmin" name="test_publish_feed_blog_project" time="0.307" /><testcase classname="tests.backend_test.TestAdmin" name="test_project_input_validation" time="0.043" /><testcase classname="tests.test_admin_editors.TestMediaAndProject" name="test_media_upload_and_download" time="1.500" /><testcase classname="tests.test_admin_editors.TestSiteSettingsEditor" name="test_website_editor_hero_update_reflects_publicly" time="0.187" /><testcase classname="tests.test_admin_editors.TestSiteSettingsEditor" name="test_services_include_social_media_marketing" time="0.000" /><testcase classname="tests.backend_test.TestClientPortal" name="test_admin_creates_client_and_client_can_sign_in" time="0.719" /><testcase classname="tests.backend_test.TestClientPortal" name="test_anonymous_client_projects_blocked" time="0.123" /><testcase classname="tests.test_admin_editors.TestMediaAndProject" name="test_media_upload_rejects_bad_type" time="0.041" /><testcase classname="tests.test_admin_editors.TestMediaAndProject" name="test_project_created_with_media_visible_publicly" time="0.500" /></testsuite></testsuites>